\BOOKMARK [0][-]{chapter.1}{Introduction}{}% 1
\BOOKMARK [0][-]{chapter.2}{État de l'art}{}% 2
\BOOKMARK [1][-]{section.2.1}{La similarité visuelle en science cognitives}{chapter.2}% 3
\BOOKMARK [1][-]{section.2.2}{La similarité visuelle et l’apprentissage profond}{chapter.2}% 4
\BOOKMARK [1][-]{section.2.3}{Les\040GANs\040et\040le\040transfert\040du\040style}{chapter.2}% 5
\BOOKMARK [0][-]{chapter.3}{Méthodes étudiées}{}% 6
\BOOKMARK [1][-]{section.3.1}{Generative\040Adversarial\040Network}{chapter.3}% 7
\BOOKMARK [1][-]{section.3.2}{Pix2Pix}{chapter.3}% 8
\BOOKMARK [1][-]{section.3.3}{BigGAN\040et\040espace\040de\040latent}{chapter.3}% 9
\BOOKMARK [0][-]{chapter.4}{Méthodes expérimentales}{}% 10
\BOOKMARK [0][-]{chapter.5}{Conclusion\040et\040Perspectives}{}% 11
\BOOKMARK [0][-]{chapter.6}{Rédaction en LaTeX}{}% 12
\BOOKMARK [1][-]{section.6.1}{Découpage d'un chapitre}{chapter.6}% 13
\BOOKMARK [1][-]{section.6.2}{Listes}{chapter.6}% 14
\BOOKMARK [2][-]{subsection.6.2.1}{Listes à puces}{section.6.2}% 15
\BOOKMARK [2][-]{subsection.6.2.2}{Listes numérotées}{section.6.2}% 16
\BOOKMARK [2][-]{subsection.6.2.3}{Listes\040descriptives}{section.6.2}% 17
\BOOKMARK [2][-]{subsection.6.2.4}{Listes imbriquées}{section.6.2}% 18
\BOOKMARK [1][-]{section.6.3}{Mathématiques}{chapter.6}% 19
\BOOKMARK [1][-]{section.6.4}{Figures}{chapter.6}% 20
\BOOKMARK [2][-]{subsection.6.4.1}{Inclusion\040d'images}{section.6.4}% 21
\BOOKMARK [2][-]{subsection.6.4.2}{Dessin}{section.6.4}% 22
\BOOKMARK [1][-]{section.6.5}{Tables}{chapter.6}% 23
\BOOKMARK [1][-]{section.6.6}{Théorèmes}{chapter.6}% 24
\BOOKMARK [1][-]{section.6.7}{Algorithmes\040et\040code}{chapter.6}% 25
\BOOKMARK [2][-]{subsection.6.7.1}{Algorithmes\040en\040pseudo-code}{section.6.7}% 26
\BOOKMARK [2][-]{subsection.6.7.2}{Listings\040:\040extraits\040de\040code\040source}{section.6.7}% 27
\BOOKMARK [1][-]{section.6.8}{Bibliographie}{chapter.6}% 28
\BOOKMARK [0][-]{chapter.7}{Conclusion}{}% 29
\BOOKMARK [0][-]{appendix.A}{Tables}{}% 30
